{"C:\\Zhangll\\code\\CAP\\testing\\src\\math.js":{"path":"C:\\Zhangll\\code\\CAP\\testing\\src\\math.js","s":{"1":1,"2":1,"3":1,"4":1,"5":2,"6":2,"7":1,"8":1,"9":3,"10":1,"11":2,"12":1,"13":1},"b":{"1":[1,2],"2":[1,1]},"f":{"1":1},"fnMap":{"1":{"name":"min","line":1,"loc":{"start":{"line":1,"column":0},"end":{"line":1,"column":17}}}},"statementMap":{"1":{"start":{"line":1,"column":0},"end":{"line":4,"column":1}},"2":{"start":{"line":2,"column":1},"end":{"line":2,"column":10}},"3":{"start":{"line":3,"column":1},"end":{"line":3,"column":16}},"4":{"start":{"line":6,"column":0},"end":{"line":24,"column":1}},"5":{"start":{"line":8,"column":2},"end":{"line":10,"column":4}},"6":{"start":{"line":9,"column":3},"end":{"line":9,"column":22}},"7":{"start":{"line":14,"column":2},"end":{"line":16,"column":4}},"8":{"start":{"line":15,"column":3},"end":{"line":15,"column":22}},"9":{"start":{"line":20,"column":2},"end":{"line":22,"column":23}},"10":{"start":{"line":20,"column":10},"end":{"line":20,"column":21}},"11":{"start":{"line":21,"column":7},"end":{"line":22,"column":23}},"12":{"start":{"line":21,"column":18},"end":{"line":21,"column":29}},"13":{"start":{"line":22,"column":7},"end":{"line":22,"column":22}}},"branchMap":{"1":{"line":20,"type":"if","locations":[{"start":{"line":20,"column":2},"end":{"line":20,"column":2}},{"start":{"line":20,"column":2},"end":{"line":20,"column":2}}]},"2":{"line":21,"type":"if","locations":[{"start":{"line":21,"column":7},"end":{"line":21,"column":7}},{"start":{"line":21,"column":7},"end":{"line":21,"column":7}}]}}}}